<?xml version='1.0' encoding='utf-8'?>
<!DOCTYPE coverage SYSTEM 'http://cobertura.sourceforge.net/xml/coverage-04.dtd'>
<coverage line-rate="0.9482758620689655" branch-rate="0.5403543307086615" lines-covered="385" lines-valid="406" branches-covered="549" branches-valid="1016" complexity="0.0" timestamp="1788948953" version="gcovr 8.6">
  <sources>
    <source>/home/zhangshaoang/oo-projects/packingsolver3d</source>
  </sources>
  <packages>
    <package name="packingsolver3d" line-rate="0.9482758620689655" branch-rate="0.5403543307086615" complexity="0.0">
      <classes>
        <class name="_core_cpp" filename="packingsolver3d/_core.cpp" line-rate="0.9482758620689655" branch-rate="0.5403543307086615" complexity="0.0">
          <methods>
            <method name="columngenerationsolver::SolverName (anonymous namespace)::parse_token&lt;columngenerationsolver::SolverName&gt;" signature="(std::__cxx11::basic_string&lt;char, std::char_traits&lt;char&gt;, std::allocator&lt;char&gt; &gt; const&amp;, char const*)" line-rate="1.0" branch-rate="0.5555555555555556" complexity="0.0">
              <lines>
                <line number="38" hits="42" branch="false"/>
                <line number="40" hits="42" branch="true" condition-coverage="50% (1/2)">
                  <conditions>
                    <condition number="0" type="jump" coverage="50%"/>
                  </conditions>
                </line>
                <line number="42" hits="42" branch="true" condition-coverage="50% (1/2)">
                  <conditions>
                    <condition number="0" type="jump" coverage="50%"/>
                  </conditions>
                </line>
                <line number="43" hits="42" branch="true" condition-coverage="100% (2/2)">
                  <conditions>
                    <condition number="0" type="jump" coverage="100%"/>
                  </conditions>
                </line>
                <line number="44" hits="6" branch="true" condition-coverage="50% (6/12)">
                  <conditions>
                    <condition number="0" type="jump" coverage="50%"/>
                  </conditions>
                </line>
                <line number="46" hits="40" branch="false"/>
                <line number="47" hits="42" branch="false"/>
              </lines>
            </method>
            <method name="packingsolver::Objective (anonymous namespace)::parse_token&lt;packingsolver::Objective&gt;" signature="(std::__cxx11::basic_string&lt;char, std::char_traits&lt;char&gt;, std::allocator&lt;char&gt; &gt; const&amp;, char const*)" line-rate="1.0" branch-rate="0.5555555555555556" complexity="0.0">
              <lines>
                <line number="38" hits="47" branch="false"/>
                <line number="40" hits="47" branch="true" condition-coverage="50% (1/2)">
                  <conditions>
                    <condition number="0" type="jump" coverage="50%"/>
                  </conditions>
                </line>
                <line number="42" hits="47" branch="true" condition-coverage="50% (1/2)">
                  <conditions>
                    <condition number="0" type="jump" coverage="50%"/>
                  </conditions>
                </line>
                <line number="43" hits="47" branch="true" condition-coverage="100% (2/2)">
                  <conditions>
                    <condition number="0" type="jump" coverage="100%"/>
                  </conditions>
                </line>
                <line number="44" hits="3" branch="true" condition-coverage="50% (6/12)">
                  <conditions>
                    <condition number="0" type="jump" coverage="50%"/>
                  </conditions>
                </line>
                <line number="46" hits="46" branch="false"/>
                <line number="47" hits="47" branch="false"/>
              </lines>
            </method>
            <method name="packingsolver::OptimizationMode (anonymous namespace)::parse_token&lt;packingsolver::OptimizationMode&gt;" signature="(std::__cxx11::basic_string&lt;char, std::char_traits&lt;char&gt;, std::allocator&lt;char&gt; &gt; const&amp;, char const*)" line-rate="1.0" branch-rate="0.5555555555555556" complexity="0.0">
              <lines>
                <line number="38" hits="4" branch="false"/>
                <line number="40" hits="4" branch="true" condition-coverage="50% (1/2)">
                  <conditions>
                    <condition number="0" type="jump" coverage="50%"/>
                  </conditions>
                </line>
                <line number="42" hits="4" branch="true" condition-coverage="50% (1/2)">
                  <conditions>
                    <condition number="0" type="jump" coverage="50%"/>
                  </conditions>
                </line>
                <line number="43" hits="4" branch="true" condition-coverage="100% (2/2)">
                  <conditions>
                    <condition number="0" type="jump" coverage="100%"/>
                  </conditions>
                </line>
                <line number="44" hits="3" branch="true" condition-coverage="50% (6/12)">
                  <conditions>
                    <condition number="0" type="jump" coverage="50%"/>
                  </conditions>
                </line>
                <line number="46" hits="3" branch="false"/>
                <line number="47" hits="4" branch="false"/>
              </lines>
            </method>
            <method name="packingsolver::rectangle::UnloadingConstraint (anonymous namespace)::parse_token&lt;packingsolver::rectangle::UnloadingConstraint&gt;" signature="(std::__cxx11::basic_string&lt;char, std::char_traits&lt;char&gt;, std::allocator&lt;char&gt; &gt; const&amp;, char const*)" line-rate="0.8571428571428571" branch-rate="0.16666666666666666" complexity="0.0">
              <lines>
                <line number="38" hits="1" branch="false"/>
                <line number="40" hits="1" branch="true" condition-coverage="50% (1/2)">
                  <conditions>
                    <condition number="0" type="jump" coverage="50%"/>
                  </conditions>
                </line>
                <line number="42" hits="1" branch="true" condition-coverage="50% (1/2)">
                  <conditions>
                    <condition number="0" type="jump" coverage="50%"/>
                  </conditions>
                </line>
                <line number="43" hits="1" branch="true" condition-coverage="50% (1/2)">
                  <conditions>
                    <condition number="0" type="jump" coverage="50%"/>
                  </conditions>
                </line>
                <line number="44" hits="0" branch="true" condition-coverage="0% (0/12)">
                  <conditions>
                    <condition number="0" type="jump" coverage="0%"/>
                  </conditions>
                </line>
                <line number="46" hits="1" branch="false"/>
                <line number="47" hits="1" branch="false"/>
              </lines>
            </method>
            <method name="bool (anonymous namespace)::read&lt;bool&gt;" signature="(pybind11::dict const&amp;, char const*, bool&amp;)" line-rate="0.8888888888888888" branch-rate="0.5714285714285714" complexity="0.0">
              <lines>
                <line number="51" hits="175" branch="false"/>
                <line number="53" hits="175" branch="true" condition-coverage="75% (3/4)">
                  <conditions>
                    <condition number="0" type="jump" coverage="75%"/>
                  </conditions>
                </line>
                <line number="54" hits="162" branch="false"/>
                <line number="56" hits="13" branch="true" condition-coverage="50% (2/4)">
                  <conditions>
                    <condition number="0" type="jump" coverage="50%"/>
                  </conditions>
                </line>
                <line number="57" hits="13" branch="true" condition-coverage="50% (2/4)">
                  <conditions>
                    <condition number="0" type="jump" coverage="50%"/>
                  </conditions>
                </line>
                <line number="58" hits="0" branch="false"/>
                <line number="60" hits="13" branch="true" condition-coverage="50% (1/2)">
                  <conditions>
                    <condition number="0" type="jump" coverage="50%"/>
                  </conditions>
                </line>
                <line number="61" hits="13" branch="false"/>
                <line number="62" hits="13" branch="false"/>
              </lines>
            </method>
            <method name="bool (anonymous namespace)::read&lt;double&gt;" signature="(pybind11::dict const&amp;, char const*, double&amp;)" line-rate="0.8888888888888888" branch-rate="0.5714285714285714" complexity="0.0">
              <lines>
                <line number="51" hits="324" branch="false"/>
                <line number="53" hits="324" branch="true" condition-coverage="75% (3/4)">
                  <conditions>
                    <condition number="0" type="jump" coverage="75%"/>
                  </conditions>
                </line>
                <line number="54" hits="171" branch="false"/>
                <line number="56" hits="153" branch="true" condition-coverage="50% (2/4)">
                  <conditions>
                    <condition number="0" type="jump" coverage="50%"/>
                  </conditions>
                </line>
                <line number="57" hits="153" branch="true" condition-coverage="50% (2/4)">
                  <conditions>
                    <condition number="0" type="jump" coverage="50%"/>
                  </conditions>
                </line>
                <line number="58" hits="0" branch="false"/>
                <line number="60" hits="153" branch="true" condition-coverage="50% (1/2)">
                  <conditions>
                    <condition number="0" type="jump" coverage="50%"/>
                  </conditions>
                </line>
                <line number="61" hits="153" branch="false"/>
                <line number="62" hits="153" branch="false"/>
              </lines>
            </method>
            <method name="bool (anonymous namespace)::read&lt;int&gt;" signature="(pybind11::dict const&amp;, char const*, int&amp;)" line-rate="0.8888888888888888" branch-rate="0.5714285714285714" complexity="0.0">
              <lines>
                <line number="51" hits="217" branch="false"/>
                <line number="53" hits="217" branch="true" condition-coverage="75% (3/4)">
                  <conditions>
                    <condition number="0" type="jump" coverage="75%"/>
                  </conditions>
                </line>
                <line number="54" hits="106" branch="false"/>
                <line number="56" hits="111" branch="true" condition-coverage="50% (2/4)">
                  <conditions>
                    <condition number="0" type="jump" coverage="50%"/>
                  </conditions>
                </line>
                <line number="57" hits="111" branch="true" condition-coverage="50% (2/4)">
                  <conditions>
                    <condition number="0" type="jump" coverage="50%"/>
                  </conditions>
                </line>
                <line number="58" hits="0" branch="false"/>
                <line number="60" hits="111" branch="true" condition-coverage="50% (1/2)">
                  <conditions>
                    <condition number="0" type="jump" coverage="50%"/>
                  </conditions>
                </line>
                <line number="61" hits="111" branch="false"/>
                <line number="62" hits="111" branch="false"/>
              </lines>
            </method>
            <method name="bool (anonymous namespace)::read&lt;long&gt;" signature="(pybind11::dict const&amp;, char const*, long&amp;)" line-rate="0.8888888888888888" branch-rate="0.5714285714285714" complexity="0.0">
              <lines>
                <line number="51" hits="205" branch="false"/>
                <line number="53" hits="205" branch="true" condition-coverage="75% (3/4)">
                  <conditions>
                    <condition number="0" type="jump" coverage="75%"/>
                  </conditions>
                </line>
                <line number="54" hits="84" branch="false"/>
                <line number="56" hits="121" branch="true" condition-coverage="50% (2/4)">
                  <conditions>
                    <condition number="0" type="jump" coverage="50%"/>
                  </conditions>
                </line>
                <line number="57" hits="121" branch="true" condition-coverage="50% (2/4)">
                  <conditions>
                    <condition number="0" type="jump" coverage="50%"/>
                  </conditions>
                </line>
                <line number="58" hits="0" branch="false"/>
                <line number="60" hits="121" branch="true" condition-coverage="50% (1/2)">
                  <conditions>
                    <condition number="0" type="jump" coverage="50%"/>
                  </conditions>
                </line>
                <line number="61" hits="121" branch="false"/>
                <line number="62" hits="121" branch="false"/>
              </lines>
            </method>
            <method name="bool (anonymous namespace)::read&lt;std::__cxx11::basic_string&lt;char, std::char_traits&lt;char&gt;, std::allocator&lt;char&gt; &gt; &gt;" signature="(pybind11::dict const&amp;, char const*, std::__cxx11::basic_string&lt;char, std::char_traits&lt;char&gt;, std::allocator&lt;char&gt; &gt;&amp;)" line-rate="1.0" branch-rate="0.6428571428571429" complexity="0.0">
              <lines>
                <line number="51" hits="148" branch="false"/>
                <line number="53" hits="148" branch="true" condition-coverage="75% (3/4)">
                  <conditions>
                    <condition number="0" type="jump" coverage="75%"/>
                  </conditions>
                </line>
                <line number="54" hits="39" branch="false"/>
                <line number="56" hits="109" branch="true" condition-coverage="50% (2/4)">
                  <conditions>
                    <condition number="0" type="jump" coverage="50%"/>
                  </conditions>
                </line>
                <line number="57" hits="109" branch="true" condition-coverage="75% (3/4)">
                  <conditions>
                    <condition number="0" type="jump" coverage="75%"/>
                  </conditions>
                </line>
                <line number="58" hits="15" branch="false"/>
                <line number="60" hits="94" branch="true" condition-coverage="50% (1/2)">
                  <conditions>
                    <condition number="0" type="jump" coverage="50%"/>
                  </conditions>
                </line>
                <line number="61" hits="94" branch="false"/>
                <line number="62" hits="109" branch="false"/>
              </lines>
            </method>
            <method name="std::array&lt;long, 3ul&gt; (anonymous namespace)::placed_extents&lt;packingsolver::box::Box&gt;" signature="(packingsolver::box::Box const&amp;, int)" line-rate="0.8888888888888888" branch-rate="0.5454545454545454" complexity="0.0">
              <lines>
                <line number="68" hits="119" branch="false"/>
                <line number="70" hits="119" branch="true" condition-coverage="85% (6/7)">
                  <conditions>
                    <condition number="0" type="jump" coverage="85%"/>
                  </conditions>
                </line>
                <line number="71" hits="112" branch="false"/>
                <line number="72" hits="3" branch="false"/>
                <line number="73" hits="1" branch="false"/>
                <line number="74" hits="1" branch="false"/>
                <line number="75" hits="1" branch="false"/>
                <line number="76" hits="1" branch="false"/>
                <line number="77" hits="0" branch="true" condition-coverage="0% (0/4)">
                  <conditions>
                    <condition number="0" type="jump" coverage="0%"/>
                  </conditions>
                </line>
              </lines>
            </method>
            <method name="std::array&lt;long, 3ul&gt; (anonymous namespace)::placed_extents&lt;packingsolver::boxstacks::Box&gt;" signature="(packingsolver::boxstacks::Box const&amp;, int)" line-rate="0.4444444444444444" branch-rate="0.18181818181818182" complexity="0.0">
              <lines>
                <line number="68" hits="67" branch="false"/>
                <line number="70" hits="67" branch="true" condition-coverage="28% (2/7)">
                  <conditions>
                    <condition number="0" type="jump" coverage="28%"/>
                  </conditions>
                </line>
                <line number="71" hits="66" branch="false"/>
                <line number="72" hits="1" branch="false"/>
                <line number="73" hits="0" branch="false"/>
                <line number="74" hits="0" branch="false"/>
                <line number="75" hits="0" branch="false"/>
                <line number="76" hits="0" branch="false"/>
                <line number="77" hits="0" branch="true" condition-coverage="0% (0/4)">
                  <conditions>
                    <condition number="0" type="jump" coverage="0%"/>
                  </conditions>
                </line>
              </lines>
            </method>
            <method name="(anonymous namespace)::CapturedStreams::CapturedStreams" signature="()" line-rate="1.0" branch-rate="0.5" complexity="0.0">
              <lines>
                <line number="86" hits="40" branch="false"/>
                <line number="87" hits="40" branch="true" condition-coverage="50% (1/2)">
                  <conditions>
                    <condition number="0" type="jump" coverage="50%"/>
                  </conditions>
                </line>
                <line number="88" hits="80" branch="true" condition-coverage="50% (2/4)">
                  <conditions>
                    <condition number="0" type="jump" coverage="50%"/>
                  </conditions>
                </line>
              </lines>
            </method>
            <method name="(anonymous namespace)::CapturedStreams::~CapturedStreams" signature="()" line-rate="1.0" branch-rate="1.0" complexity="0.0">
              <lines>
                <line number="90" hits="40" branch="false"/>
                <line number="92" hits="40" branch="false"/>
                <line number="93" hits="40" branch="false"/>
                <line number="94" hits="40" branch="false"/>
              </lines>
            </method>
            <method name="(anonymous namespace)::CapturedStreams::out" signature="() const" line-rate="1.0" branch-rate="1.0" complexity="0.0">
              <lines>
                <line number="96" hits="40" branch="false"/>
              </lines>
            </method>
            <method name="(anonymous namespace)::CapturedStreams::err" signature="() const" line-rate="1.0" branch-rate="1.0" complexity="0.0">
              <lines>
                <line number="97" hits="40" branch="false"/>
              </lines>
            </method>
            <method name="void (anonymous namespace)::fill_common_parameters&lt;packingsolver::box::OptimizeParameters&gt;" signature="(packingsolver::box::OptimizeParameters&amp;, pybind11::dict const&amp;)" line-rate="1.0" branch-rate="0.7272727272727273" complexity="0.0">
              <lines>
                <line number="109" hits="28" branch="false"/>
                <line number="111" hits="28" branch="false"/>
                <line number="112" hits="28" branch="false"/>
                <line number="113" hits="28" branch="true" condition-coverage="50% (1/2)">
                  <conditions>
                    <condition number="0" type="jump" coverage="50%"/>
                  </conditions>
                </line>
                <line number="115" hits="28" branch="false"/>
                <line number="116" hits="28" branch="true" condition-coverage="75% (3/4)">
                  <conditions>
                    <condition number="0" type="jump" coverage="75%"/>
                  </conditions>
                </line>
                <line number="117" hits="19" branch="false"/>
                <line number="119" hits="28" branch="false"/>
                <line number="120" hits="28" branch="true" condition-coverage="75% (3/4)">
                  <conditions>
                    <condition number="0" type="jump" coverage="75%"/>
                  </conditions>
                </line>
                <line number="121" hits="1" branch="false"/>
                <line number="123" hits="28" branch="false"/>
                <line number="124" hits="28" branch="true" condition-coverage="75% (3/4)">
                  <conditions>
                    <condition number="0" type="jump" coverage="75%"/>
                  </conditions>
                </line>
                <line number="125" hits="3" branch="true" condition-coverage="100% (2/2)">
                  <conditions>
                    <condition number="0" type="jump" coverage="100%"/>
                  </conditions>
                </line>
                <line number="127" hits="27" branch="true" condition-coverage="50% (2/4)">
                  <conditions>
                    <condition number="0" type="jump" coverage="50%"/>
                  </conditions>
                </line>
                <line number="129" hits="27" branch="true" condition-coverage="100% (2/2)">
                  <conditions>
                    <condition number="0" type="jump" coverage="100%"/>
                  </conditions>
                </line>
                <line number="131" hits="28" branch="false"/>
              </lines>
            </method>
            <method name="void (anonymous namespace)::fill_common_parameters&lt;packingsolver::boxstacks::OptimizeParameters&gt;" signature="(packingsolver::boxstacks::OptimizeParameters&amp;, pybind11::dict const&amp;)" line-rate="0.9375" branch-rate="0.5909090909090909" complexity="0.0">
              <lines>
                <line number="109" hits="15" branch="false"/>
                <line number="111" hits="15" branch="false"/>
                <line number="112" hits="15" branch="false"/>
                <line number="113" hits="15" branch="true" condition-coverage="50% (1/2)">
                  <conditions>
                    <condition number="0" type="jump" coverage="50%"/>
                  </conditions>
                </line>
                <line number="115" hits="15" branch="false"/>
                <line number="116" hits="15" branch="true" condition-coverage="75% (3/4)">
                  <conditions>
                    <condition number="0" type="jump" coverage="75%"/>
                  </conditions>
                </line>
                <line number="117" hits="12" branch="false"/>
                <line number="119" hits="15" branch="false"/>
                <line number="120" hits="15" branch="true" condition-coverage="50% (2/4)">
                  <conditions>
                    <condition number="0" type="jump" coverage="50%"/>
                  </conditions>
                </line>
                <line number="121" hits="0" branch="false"/>
                <line number="123" hits="15" branch="false"/>
                <line number="124" hits="15" branch="true" condition-coverage="75% (3/4)">
                  <conditions>
                    <condition number="0" type="jump" coverage="75%"/>
                  </conditions>
                </line>
                <line number="125" hits="1" branch="true" condition-coverage="50% (1/2)">
                  <conditions>
                    <condition number="0" type="jump" coverage="50%"/>
                  </conditions>
                </line>
                <line number="127" hits="15" branch="true" condition-coverage="50% (2/4)">
                  <conditions>
                    <condition number="0" type="jump" coverage="50%"/>
                  </conditions>
                </line>
                <line number="129" hits="15" branch="true" condition-coverage="50% (1/2)">
                  <conditions>
                    <condition number="0" type="jump" coverage="50%"/>
                  </conditions>
                </line>
                <line number="131" hits="15" branch="false"/>
              </lines>
            </method>
            <method name="(anonymous namespace)::set_switch" signature="(bool&amp;, pybind11::dict const&amp;, char const*)" line-rate="1.0" branch-rate="0.75" complexity="0.0">
              <lines>
                <line number="133" hits="175" branch="false"/>
                <line number="135" hits="175" branch="false"/>
                <line number="136" hits="175" branch="true" condition-coverage="75% (3/4)">
                  <conditions>
                    <condition number="0" type="jump" coverage="75%"/>
                  </conditions>
                </line>
                <line number="137" hits="13" branch="false"/>
                <line number="139" hits="175" branch="false"/>
              </lines>
            </method>
            <method name="int (anonymous namespace)::add_bin_type&lt;packingsolver::box::InstanceBuilder&gt;" signature="(packingsolver::box::InstanceBuilder&amp;, pybind11::dict const&amp;)" line-rate="1.0" branch-rate="0.6052631578947368" complexity="0.0">
              <lines>
                <line number="143" hits="31" branch="false"/>
                <line number="145" hits="31" branch="true" condition-coverage="50% (7/14)">
                  <conditions>
                    <condition number="0" type="jump" coverage="50%"/>
                  </conditions>
                </line>
                <line number="147" hits="31" branch="false"/>
                <line number="148" hits="31" branch="true" condition-coverage="75% (3/4)">
                  <conditions>
                    <condition number="0" type="jump" coverage="75%"/>
                  </conditions>
                </line>
                <line number="149" hits="13" branch="true" condition-coverage="50% (1/2)">
                  <conditions>
                    <condition number="0" type="jump" coverage="50%"/>
                  </conditions>
                </line>
                <line number="151" hits="31" branch="false"/>
                <line number="152" hits="31" branch="true" condition-coverage="50% (2/4)">
                  <conditions>
                    <condition number="0" type="jump" coverage="50%"/>
                  </conditions>
                </line>
                <line number="153" hits="31" branch="true" condition-coverage="50% (1/2)">
                  <conditions>
                    <condition number="0" type="jump" coverage="50%"/>
                  </conditions>
                </line>
                <line number="155" hits="31" branch="true" condition-coverage="75% (3/4)">
                  <conditions>
                    <condition number="0" type="jump" coverage="75%"/>
                  </conditions>
                </line>
                <line number="156" hits="19" branch="true" condition-coverage="100% (2/2)">
                  <conditions>
                    <condition number="0" type="jump" coverage="100%"/>
                  </conditions>
                </line>
                <line number="158" hits="30" branch="false"/>
                <line number="159" hits="30" branch="true" condition-coverage="75% (3/4)">
                  <conditions>
                    <condition number="0" type="jump" coverage="75%"/>
                  </conditions>
                </line>
                <line number="160" hits="2" branch="true" condition-coverage="50% (1/2)">
                  <conditions>
                    <condition number="0" type="jump" coverage="50%"/>
                  </conditions>
                </line>
                <line number="162" hits="30" branch="false"/>
              </lines>
            </method>
            <method name="int (anonymous namespace)::add_bin_type&lt;packingsolver::boxstacks::InstanceBuilder&gt;" signature="(packingsolver::boxstacks::InstanceBuilder&amp;, pybind11::dict const&amp;)" line-rate="1.0" branch-rate="0.6052631578947368" complexity="0.0">
              <lines>
                <line number="143" hits="17" branch="false"/>
                <line number="145" hits="17" branch="true" condition-coverage="50% (7/14)">
                  <conditions>
                    <condition number="0" type="jump" coverage="50%"/>
                  </conditions>
                </line>
                <line number="147" hits="17" branch="false"/>
                <line number="148" hits="17" branch="true" condition-coverage="75% (3/4)">
                  <conditions>
                    <condition number="0" type="jump" coverage="75%"/>
                  </conditions>
                </line>
                <line number="149" hits="11" branch="true" condition-coverage="50% (1/2)">
                  <conditions>
                    <condition number="0" type="jump" coverage="50%"/>
                  </conditions>
                </line>
                <line number="151" hits="17" branch="false"/>
                <line number="152" hits="17" branch="true" condition-coverage="75% (3/4)">
                  <conditions>
                    <condition number="0" type="jump" coverage="75%"/>
                  </conditions>
                </line>
                <line number="153" hits="16" branch="true" condition-coverage="50% (1/2)">
                  <conditions>
                    <condition number="0" type="jump" coverage="50%"/>
                  </conditions>
                </line>
                <line number="155" hits="17" branch="true" condition-coverage="75% (3/4)">
                  <conditions>
                    <condition number="0" type="jump" coverage="75%"/>
                  </conditions>
                </line>
                <line number="156" hits="12" branch="true" condition-coverage="50% (1/2)">
                  <conditions>
                    <condition number="0" type="jump" coverage="50%"/>
                  </conditions>
                </line>
                <line number="158" hits="17" branch="false"/>
                <line number="159" hits="17" branch="true" condition-coverage="75% (3/4)">
                  <conditions>
                    <condition number="0" type="jump" coverage="75%"/>
                  </conditions>
                </line>
                <line number="160" hits="12" branch="true" condition-coverage="50% (1/2)">
                  <conditions>
                    <condition number="0" type="jump" coverage="50%"/>
                  </conditions>
                </line>
                <line number="162" hits="17" branch="false"/>
              </lines>
            </method>
            <method name="int (anonymous namespace)::add_item_type&lt;packingsolver::box::InstanceBuilder, packingsolver::box::Rotation&gt;" signature="(packingsolver::box::InstanceBuilder&amp;, pybind11::dict const&amp;, packingsolver::box::Rotation (*)(std::__cxx11::basic_string&lt;char, std::char_traits&lt;char&gt;, std::allocator&lt;char&gt; &gt; const&amp;))" line-rate="0.9411764705882353" branch-rate="0.581081081081081" complexity="0.0">
              <lines>
                <line number="166" hits="45" branch="false"/>
                <line number="168" hits="45" branch="true" condition-coverage="50% (7/14)">
                  <conditions>
                    <condition number="0" type="jump" coverage="50%"/>
                  </conditions>
                </line>
                <line number="170" hits="45" branch="false"/>
                <line number="171" hits="45" branch="true" condition-coverage="50% (2/4)">
                  <conditions>
                    <condition number="0" type="jump" coverage="50%"/>
                  </conditions>
                </line>
                <line number="172" hits="0" branch="true" condition-coverage="0% (0/2)">
                  <conditions>
                    <condition number="0" type="jump" coverage="0%"/>
                  </conditions>
                </line>
                <line number="174" hits="45" branch="false"/>
                <line number="175" hits="45" branch="true" condition-coverage="75% (3/4)">
                  <conditions>
                    <condition number="0" type="jump" coverage="75%"/>
                  </conditions>
                </line>
                <line number="176" hits="33" branch="true" condition-coverage="50% (1/2)">
                  <conditions>
                    <condition number="0" type="jump" coverage="50%"/>
                  </conditions>
                </line>
                <line number="178" hits="45" branch="false"/>
                <line number="179" hits="45" branch="true" condition-coverage="75% (3/4)">
                  <conditions>
                    <condition number="0" type="jump" coverage="75%"/>
                  </conditions>
                </line>
                <line number="180" hits="37" branch="true" condition-coverage="50% (1/2)">
                  <conditions>
                    <condition number="0" type="jump" coverage="50%"/>
                  </conditions>
                </line>
                <line number="182" hits="45" branch="true" condition-coverage="75% (3/4)">
                  <conditions>
                    <condition number="0" type="jump" coverage="75%"/>
                  </conditions>
                </line>
                <line number="183" hits="1" branch="true" condition-coverage="50% (1/2)">
                  <conditions>
                    <condition number="0" type="jump" coverage="50%"/>
                  </conditions>
                </line>
                <line number="185" hits="45" branch="true" condition-coverage="62% (10/16)">
                  <conditions>
                    <condition number="0" type="jump" coverage="62%"/>
                  </conditions>
                </line>
                <line number="186" hits="80" branch="true" condition-coverage="57% (8/14)">
                  <conditions>
                    <condition number="0" type="jump" coverage="57%"/>
                  </conditions>
                </line>
                <line number="187" hits="31" branch="true" condition-coverage="66% (4/6)">
                  <conditions>
                    <condition number="0" type="jump" coverage="66%"/>
                  </conditions>
                </line>
                <line number="190" hits="44" branch="false"/>
              </lines>
            </method>
            <method name="int (anonymous namespace)::add_item_type&lt;packingsolver::boxstacks::InstanceBuilder, packingsolver::boxstacks::Rotation&gt;" signature="(packingsolver::boxstacks::InstanceBuilder&amp;, pybind11::dict const&amp;, packingsolver::boxstacks::Rotation (*)(std::__cxx11::basic_string&lt;char, std::char_traits&lt;char&gt;, std::allocator&lt;char&gt; &gt; const&amp;))" line-rate="0.8823529411764706" branch-rate="0.5405405405405406" complexity="0.0">
              <lines>
                <line number="166" hits="21" branch="false"/>
                <line number="168" hits="21" branch="true" condition-coverage="50% (7/14)">
                  <conditions>
                    <condition number="0" type="jump" coverage="50%"/>
                  </conditions>
                </line>
                <line number="170" hits="21" branch="false"/>
                <line number="171" hits="21" branch="true" condition-coverage="50% (2/4)">
                  <conditions>
                    <condition number="0" type="jump" coverage="50%"/>
                  </conditions>
                </line>
                <line number="172" hits="0" branch="true" condition-coverage="0% (0/2)">
                  <conditions>
                    <condition number="0" type="jump" coverage="0%"/>
                  </conditions>
                </line>
                <line number="174" hits="21" branch="false"/>
                <line number="175" hits="21" branch="true" condition-coverage="75% (3/4)">
                  <conditions>
                    <condition number="0" type="jump" coverage="75%"/>
                  </conditions>
                </line>
                <line number="176" hits="18" branch="true" condition-coverage="50% (1/2)">
                  <conditions>
                    <condition number="0" type="jump" coverage="50%"/>
                  </conditions>
                </line>
                <line number="178" hits="21" branch="false"/>
                <line number="179" hits="21" branch="true" condition-coverage="75% (3/4)">
                  <conditions>
                    <condition number="0" type="jump" coverage="75%"/>
                  </conditions>
                </line>
                <line number="180" hits="19" branch="true" condition-coverage="50% (1/2)">
                  <conditions>
                    <condition number="0" type="jump" coverage="50%"/>
                  </conditions>
                </line>
                <line number="182" hits="21" branch="true" condition-coverage="50% (2/4)">
                  <conditions>
                    <condition number="0" type="jump" coverage="50%"/>
                  </conditions>
                </line>
                <line number="183" hits="0" branch="true" condition-coverage="0% (0/2)">
                  <conditions>
                    <condition number="0" type="jump" coverage="0%"/>
                  </conditions>
                </line>
                <line number="185" hits="21" branch="true" condition-coverage="62% (10/16)">
                  <conditions>
                    <condition number="0" type="jump" coverage="62%"/>
                  </conditions>
                </line>
                <line number="186" hits="24" branch="true" condition-coverage="57% (8/14)">
                  <conditions>
                    <condition number="0" type="jump" coverage="57%"/>
                  </conditions>
                </line>
                <line number="187" hits="12" branch="true" condition-coverage="50% (3/6)">
                  <conditions>
                    <condition number="0" type="jump" coverage="50%"/>
                  </conditions>
                </line>
                <line number="190" hits="21" branch="false"/>
              </lines>
            </method>
            <method name="void (anonymous namespace)::set_objective&lt;packingsolver::box::InstanceBuilder&gt;" signature="(packingsolver::box::InstanceBuilder&amp;, pybind11::dict const&amp;)" line-rate="1.0" branch-rate="0.6666666666666666" complexity="0.0">
              <lines>
                <line number="194" hits="31" branch="false"/>
                <line number="196" hits="31" branch="false"/>
                <line number="197" hits="31" branch="true" condition-coverage="50% (2/4)">
                  <conditions>
                    <condition number="0" type="jump" coverage="50%"/>
                  </conditions>
                </line>
                <line number="198" hits="31" branch="true" condition-coverage="100% (2/2)">
                  <conditions>
                    <condition number="0" type="jump" coverage="100%"/>
                  </conditions>
                </line>
                <line number="200" hits="31" branch="false"/>
              </lines>
            </method>
            <method name="void (anonymous namespace)::set_objective&lt;packingsolver::boxstacks::InstanceBuilder&gt;" signature="(packingsolver::boxstacks::InstanceBuilder&amp;, pybind11::dict const&amp;)" line-rate="1.0" branch-rate="0.5" complexity="0.0">
              <lines>
                <line number="194" hits="16" branch="false"/>
                <line number="196" hits="16" branch="false"/>
                <line number="197" hits="16" branch="true" condition-coverage="50% (2/4)">
                  <conditions>
                    <condition number="0" type="jump" coverage="50%"/>
                  </conditions>
                </line>
                <line number="198" hits="16" branch="true" condition-coverage="50% (1/2)">
                  <conditions>
                    <condition number="0" type="jump" coverage="50%"/>
                  </conditions>
                </line>
                <line number="200" hits="16" branch="false"/>
              </lines>
            </method>
            <method name="pybind11::dict (anonymous namespace)::describe_bin&lt;packingsolver::box::Instance&gt;" signature="(packingsolver::box::Instance const&amp;, int, long)" line-rate="0.9" branch-rate="0.5" complexity="0.0">
              <lines>
                <line number="203" hits="23" branch="false"/>
                <line number="205" hits="23" branch="false"/>
                <line number="206" hits="23" branch="false"/>
                <line number="207" hits="23" branch="true" condition-coverage="50% (2/4)">
                  <conditions>
                    <condition number="0" type="jump" coverage="50%"/>
                  </conditions>
                </line>
                <line number="208" hits="23" branch="true" condition-coverage="50% (2/4)">
                  <conditions>
                    <condition number="0" type="jump" coverage="50%"/>
                  </conditions>
                </line>
                <line number="209" hits="23" branch="true" condition-coverage="50% (2/4)">
                  <conditions>
                    <condition number="0" type="jump" coverage="50%"/>
                  </conditions>
                </line>
                <line number="210" hits="23" branch="true" condition-coverage="50% (2/4)">
                  <conditions>
                    <condition number="0" type="jump" coverage="50%"/>
                  </conditions>
                </line>
                <line number="211" hits="23" branch="true" condition-coverage="50% (2/4)">
                  <conditions>
                    <condition number="0" type="jump" coverage="50%"/>
                  </conditions>
                </line>
                <line number="212" hits="23" branch="false"/>
                <line number="213" hits="0" branch="false"/>
              </lines>
            </method>
            <method name="pybind11::dict (anonymous namespace)::describe_bin&lt;packingsolver::boxstacks::Instance&gt;" signature="(packingsolver::boxstacks::Instance const&amp;, int, long)" line-rate="0.9" branch-rate="0.5" complexity="0.0">
              <lines>
                <line number="203" hits="13" branch="false"/>
                <line number="205" hits="13" branch="false"/>
                <line number="206" hits="13" branch="false"/>
                <line number="207" hits="13" branch="true" condition-coverage="50% (2/4)">
                  <conditions>
                    <condition number="0" type="jump" coverage="50%"/>
                  </conditions>
                </line>
                <line number="208" hits="13" branch="true" condition-coverage="50% (2/4)">
                  <conditions>
                    <condition number="0" type="jump" coverage="50%"/>
                  </conditions>
                </line>
                <line number="209" hits="13" branch="true" condition-coverage="50% (2/4)">
                  <conditions>
                    <condition number="0" type="jump" coverage="50%"/>
                  </conditions>
                </line>
                <line number="210" hits="13" branch="true" condition-coverage="50% (2/4)">
                  <conditions>
                    <condition number="0" type="jump" coverage="50%"/>
                  </conditions>
                </line>
                <line number="211" hits="13" branch="true" condition-coverage="50% (2/4)">
                  <conditions>
                    <condition number="0" type="jump" coverage="50%"/>
                  </conditions>
                </line>
                <line number="212" hits="13" branch="false"/>
                <line number="213" hits="0" branch="false"/>
              </lines>
            </method>
            <method name="pybind11::dict (anonymous namespace)::describe_output&lt;packingsolver::box::Output&gt;" signature="(packingsolver::box::Output const&amp;, (anonymous namespace)::CapturedStreams const&amp;)" line-rate="0.8571428571428571" branch-rate="0.5" complexity="0.0">
              <lines>
                <line number="216" hits="25" branch="false"/>
                <line number="218" hits="25" branch="false"/>
                <line number="219" hits="25" branch="true" condition-coverage="50% (4/8)">
                  <conditions>
                    <condition number="0" type="jump" coverage="50%"/>
                  </conditions>
                </line>
                <line number="220" hits="25" branch="true" condition-coverage="50% (3/6)">
                  <conditions>
                    <condition number="0" type="jump" coverage="50%"/>
                  </conditions>
                </line>
                <line number="221" hits="25" branch="true" condition-coverage="50% (3/6)">
                  <conditions>
                    <condition number="0" type="jump" coverage="50%"/>
                  </conditions>
                </line>
                <line number="222" hits="25" branch="false"/>
                <line number="223" hits="0" branch="false"/>
              </lines>
            </method>
            <method name="pybind11::dict (anonymous namespace)::describe_output&lt;packingsolver::boxstacks::Output&gt;" signature="(packingsolver::boxstacks::Output const&amp;, (anonymous namespace)::CapturedStreams const&amp;)" line-rate="0.8571428571428571" branch-rate="0.5" complexity="0.0">
              <lines>
                <line number="216" hits="15" branch="false"/>
                <line number="218" hits="15" branch="false"/>
                <line number="219" hits="15" branch="true" condition-coverage="50% (4/8)">
                  <conditions>
                    <condition number="0" type="jump" coverage="50%"/>
                  </conditions>
                </line>
                <line number="220" hits="15" branch="true" condition-coverage="50% (3/6)">
                  <conditions>
                    <condition number="0" type="jump" coverage="50%"/>
                  </conditions>
                </line>
                <line number="221" hits="15" branch="true" condition-coverage="50% (3/6)">
                  <conditions>
                    <condition number="0" type="jump" coverage="50%"/>
                  </conditions>
                </line>
                <line number="222" hits="15" branch="false"/>
                <line number="223" hits="0" branch="false"/>
              </lines>
            </method>
            <method name="(anonymous namespace)::box_solve" signature="(pybind11::dict const&amp;, pybind11::dict const&amp;)" line-rate="1.0" branch-rate="0.6" complexity="0.0">
              <lines>
                <line number="225" hits="31" branch="false"/>
                <line number="229" hits="31" branch="false"/>
                <line number="230" hits="31" branch="true" condition-coverage="100% (2/2)">
                  <conditions>
                    <condition number="0" type="jump" coverage="100%"/>
                  </conditions>
                </line>
                <line number="231" hits="60" branch="true" condition-coverage="57% (8/14)">
                  <conditions>
                    <condition number="0" type="jump" coverage="57%"/>
                  </conditions>
                </line>
                <line number="232" hits="32" branch="true" condition-coverage="75% (3/4)">
                  <conditions>
                    <condition number="0" type="jump" coverage="75%"/>
                  </conditions>
                </line>
                <line number="233" hits="30" branch="false"/>
                <line number="234" hits="73" branch="true" condition-coverage="57% (8/14)">
                  <conditions>
                    <condition number="0" type="jump" coverage="57%"/>
                  </conditions>
                </line>
                <line number="235" hits="46" branch="true" condition-coverage="75% (3/4)">
                  <conditions>
                    <condition number="0" type="jump" coverage="75%"/>
                  </conditions>
                </line>
                <line number="236" hits="29" branch="false"/>
                <line number="237" hits="28" branch="true" condition-coverage="50% (1/2)">
                  <conditions>
                    <condition number="0" type="jump" coverage="50%"/>
                  </conditions>
                </line>
                <line number="239" hits="28" branch="true" condition-coverage="50% (1/2)">
                  <conditions>
                    <condition number="0" type="jump" coverage="50%"/>
                  </conditions>
                </line>
                <line number="240" hits="28" branch="true" condition-coverage="100% (2/2)">
                  <conditions>
                    <condition number="0" type="jump" coverage="100%"/>
                  </conditions>
                </line>
                <line number="241" hits="25" branch="true" condition-coverage="50% (1/2)">
                  <conditions>
                    <condition number="0" type="jump" coverage="50%"/>
                  </conditions>
                </line>
                <line number="242" hits="25" branch="true" condition-coverage="50% (1/2)">
                  <conditions>
                    <condition number="0" type="jump" coverage="50%"/>
                  </conditions>
                </line>
                <line number="243" hits="25" branch="true" condition-coverage="50% (1/2)">
                  <conditions>
                    <condition number="0" type="jump" coverage="50%"/>
                  </conditions>
                </line>
                <line number="244" hits="25" branch="true" condition-coverage="50% (1/2)">
                  <conditions>
                    <condition number="0" type="jump" coverage="50%"/>
                  </conditions>
                </line>
                <line number="245" hits="25" branch="true" condition-coverage="50% (1/2)">
                  <conditions>
                    <condition number="0" type="jump" coverage="50%"/>
                  </conditions>
                </line>
                <line number="246" hits="25" branch="true" condition-coverage="50% (1/2)">
                  <conditions>
                    <condition number="0" type="jump" coverage="50%"/>
                  </conditions>
                </line>
                <line number="247" hits="25" branch="true" condition-coverage="50% (1/2)">
                  <conditions>
                    <condition number="0" type="jump" coverage="50%"/>
                  </conditions>
                </line>
                <line number="249" hits="25" branch="true" condition-coverage="50% (1/2)">
                  <conditions>
                    <condition number="0" type="jump" coverage="50%"/>
                  </conditions>
                </line>
              </lines>
            </method>
            <method name="(anonymous namespace)::box_solve(pybind11::dict const&amp;, pybind11::dict const&amp;)::{lambda()#1}::operator()" signature="() const" line-rate="0.96875" branch-rate="0.527027027027027" complexity="0.0">
              <lines>
                <line number="250" hits="0" branch="false"/>
                <line number="251" hits="25" branch="true" condition-coverage="50% (1/2)">
                  <conditions>
                    <condition number="0" type="jump" coverage="50%"/>
                  </conditions>
                </line>
                <line number="252" hits="50" branch="true" condition-coverage="50% (1/2)">
                  <conditions>
                    <condition number="0" type="jump" coverage="50%"/>
                  </conditions>
                </line>
                <line number="253" hits="50" branch="true" condition-coverage="50% (1/2)">
                  <conditions>
                    <condition number="0" type="jump" coverage="50%"/>
                  </conditions>
                </line>
                <line number="255" hits="25" branch="false"/>
                <line number="256" hits="25" branch="true" condition-coverage="50% (1/2)">
                  <conditions>
                    <condition number="0" type="jump" coverage="50%"/>
                  </conditions>
                </line>
                <line number="257" hits="48" branch="true" condition-coverage="100% (2/2)">
                  <conditions>
                    <condition number="0" type="jump" coverage="100%"/>
                  </conditions>
                </line>
                <line number="258" hits="23" branch="false"/>
                <line number="259" hits="23" branch="true" condition-coverage="50% (1/2)">
                  <conditions>
                    <condition number="0" type="jump" coverage="50%"/>
                  </conditions>
                </line>
                <line number="260" hits="23" branch="true" condition-coverage="50% (1/2)">
                  <conditions>
                    <condition number="0" type="jump" coverage="50%"/>
                  </conditions>
                </line>
                <line number="261" hits="142" branch="true" condition-coverage="100% (2/2)">
                  <conditions>
                    <condition number="0" type="jump" coverage="100%"/>
                  </conditions>
                </line>
                <line number="262" hits="119" branch="false"/>
                <line number="263" hits="119" branch="true" condition-coverage="50% (1/2)">
                  <conditions>
                    <condition number="0" type="jump" coverage="50%"/>
                  </conditions>
                </line>
                <line number="264" hits="119" branch="true" condition-coverage="50% (1/2)">
                  <conditions>
                    <condition number="0" type="jump" coverage="50%"/>
                  </conditions>
                </line>
                <line number="265" hits="119" branch="true" condition-coverage="50% (2/4)">
                  <conditions>
                    <condition number="0" type="jump" coverage="50%"/>
                  </conditions>
                </line>
                <line number="266" hits="119" branch="true" condition-coverage="50% (2/4)">
                  <conditions>
                    <condition number="0" type="jump" coverage="50%"/>
                  </conditions>
                </line>
                <line number="267" hits="119" branch="true" condition-coverage="50% (2/4)">
                  <conditions>
                    <condition number="0" type="jump" coverage="50%"/>
                  </conditions>
                </line>
                <line number="268" hits="119" branch="true" condition-coverage="50% (2/4)">
                  <conditions>
                    <condition number="0" type="jump" coverage="50%"/>
                  </conditions>
                </line>
                <line number="269" hits="119" branch="true" condition-coverage="50% (2/4)">
                  <conditions>
                    <condition number="0" type="jump" coverage="50%"/>
                  </conditions>
                </line>
                <line number="270" hits="119" branch="true" condition-coverage="50% (2/4)">
                  <conditions>
                    <condition number="0" type="jump" coverage="50%"/>
                  </conditions>
                </line>
                <line number="271" hits="119" branch="true" condition-coverage="50% (2/4)">
                  <conditions>
                    <condition number="0" type="jump" coverage="50%"/>
                  </conditions>
                </line>
                <line number="272" hits="119" branch="true" condition-coverage="50% (3/6)">
                  <conditions>
                    <condition number="0" type="jump" coverage="50%"/>
                  </conditions>
                </line>
                <line number="273" hits="119" branch="true" condition-coverage="50% (1/2)">
                  <conditions>
                    <condition number="0" type="jump" coverage="50%"/>
                  </conditions>
                </line>
                <line number="274" hits="119" branch="false"/>
                <line number="275" hits="23" branch="true" condition-coverage="50% (2/4)">
                  <conditions>
                    <condition number="0" type="jump" coverage="50%"/>
                  </conditions>
                </line>
                <line number="276" hits="23" branch="true" condition-coverage="50% (3/6)">
                  <conditions>
                    <condition number="0" type="jump" coverage="50%"/>
                  </conditions>
                </line>
                <line number="277" hits="23" branch="true" condition-coverage="50% (1/2)">
                  <conditions>
                    <condition number="0" type="jump" coverage="50%"/>
                  </conditions>
                </line>
                <line number="278" hits="23" branch="false"/>
                <line number="280" hits="25" branch="true" condition-coverage="50% (1/2)">
                  <conditions>
                    <condition number="0" type="jump" coverage="50%"/>
                  </conditions>
                </line>
                <line number="281" hits="25" branch="true" condition-coverage="50% (2/4)">
                  <conditions>
                    <condition number="0" type="jump" coverage="50%"/>
                  </conditions>
                </line>
                <line number="282" hits="50" branch="false"/>
                <line number="283" hits="37" branch="false"/>
              </lines>
            </method>
            <method name="(anonymous namespace)::boxstacks_solve" signature="(pybind11::dict const&amp;, pybind11::dict const&amp;)" line-rate="1.0" branch-rate="0.5652173913043478" complexity="0.0">
              <lines>
                <line number="285" hits="16" branch="false"/>
                <line number="289" hits="16" branch="false"/>
                <line number="290" hits="16" branch="true" condition-coverage="50% (1/2)">
                  <conditions>
                    <condition number="0" type="jump" coverage="50%"/>
                  </conditions>
                </line>
                <line number="291" hits="16" branch="false"/>
                <line number="292" hits="16" branch="true" condition-coverage="75% (3/4)">
                  <conditions>
                    <condition number="0" type="jump" coverage="75%"/>
                  </conditions>
                </line>
                <line number="293" hits="1" branch="true" condition-coverage="50% (1/2)">
                  <conditions>
                    <condition number="0" type="jump" coverage="50%"/>
                  </conditions>
                </line>
                <line number="296" hits="33" branch="true" condition-coverage="57% (8/14)">
                  <conditions>
                    <condition number="0" type="jump" coverage="57%"/>
                  </conditions>
                </line>
                <line number="297" hits="17" branch="true" condition-coverage="50% (1/2)">
                  <conditions>
                    <condition number="0" type="jump" coverage="50%"/>
                  </conditions>
                </line>
                <line number="298" hits="17" branch="true" condition-coverage="50% (1/2)">
                  <conditions>
                    <condition number="0" type="jump" coverage="50%"/>
                  </conditions>
                </line>
                <line number="299" hits="17" branch="false"/>
                <line number="300" hits="17" branch="true" condition-coverage="75% (3/4)">
                  <conditions>
                    <condition number="0" type="jump" coverage="75%"/>
                  </conditions>
                </line>
                <line number="301" hits="7" branch="true" condition-coverage="50% (1/2)">
                  <conditions>
                    <condition number="0" type="jump" coverage="50%"/>
                  </conditions>
                </line>
                <line number="303" hits="17" branch="true" condition-coverage="62% (10/16)">
                  <conditions>
                    <condition number="0" type="jump" coverage="62%"/>
                  </conditions>
                </line>
                <line number="304" hits="4" branch="true" condition-coverage="50% (2/4)">
                  <conditions>
                    <condition number="0" type="jump" coverage="50%"/>
                  </conditions>
                </line>
                <line number="305" hits="4" branch="false"/>
                <line number="306" hits="4" branch="false"/>
                <line number="307" hits="4" branch="true" condition-coverage="50% (1/2)">
                  <conditions>
                    <condition number="0" type="jump" coverage="50%"/>
                  </conditions>
                </line>
                <line number="308" hits="4" branch="true" condition-coverage="50% (1/2)">
                  <conditions>
                    <condition number="0" type="jump" coverage="50%"/>
                  </conditions>
                </line>
                <line number="309" hits="4" branch="true" condition-coverage="50% (1/2)">
                  <conditions>
                    <condition number="0" type="jump" coverage="50%"/>
                  </conditions>
                </line>
                <line number="310" hits="4" branch="true" condition-coverage="50% (1/2)">
                  <conditions>
                    <condition number="0" type="jump" coverage="50%"/>
                  </conditions>
                </line>
                <line number="311" hits="4" branch="true" condition-coverage="50% (1/2)">
                  <conditions>
                    <condition number="0" type="jump" coverage="50%"/>
                  </conditions>
                </line>
                <line number="312" hits="4" branch="true" condition-coverage="50% (1/2)">
                  <conditions>
                    <condition number="0" type="jump" coverage="50%"/>
                  </conditions>
                </line>
                <line number="313" hits="4" branch="true" condition-coverage="50% (1/2)">
                  <conditions>
                    <condition number="0" type="jump" coverage="50%"/>
                  </conditions>
                </line>
                <line number="314" hits="4" branch="true" condition-coverage="50% (1/2)">
                  <conditions>
                    <condition number="0" type="jump" coverage="50%"/>
                  </conditions>
                </line>
                <line number="315" hits="4" branch="true" condition-coverage="50% (1/2)">
                  <conditions>
                    <condition number="0" type="jump" coverage="50%"/>
                  </conditions>
                </line>
                <line number="316" hits="4" branch="true" condition-coverage="50% (1/2)">
                  <conditions>
                    <condition number="0" type="jump" coverage="50%"/>
                  </conditions>
                </line>
                <line number="317" hits="4" branch="true" condition-coverage="50% (1/2)">
                  <conditions>
                    <condition number="0" type="jump" coverage="50%"/>
                  </conditions>
                </line>
                <line number="318" hits="4" branch="false"/>
                <line number="319" hits="33" branch="false"/>
                <line number="320" hits="16" branch="true" condition-coverage="43% (7/16)">
                  <conditions>
                    <condition number="0" type="jump" coverage="43%"/>
                  </conditions>
                </line>
                <line number="321" hits="17" branch="true" condition-coverage="57% (8/14)">
                  <conditions>
                    <condition number="0" type="jump" coverage="57%"/>
                  </conditions>
                </line>
                <line number="322" hits="1" branch="true" condition-coverage="50% (1/2)">
                  <conditions>
                    <condition number="0" type="jump" coverage="50%"/>
                  </conditions>
                </line>
                <line number="323" hits="1" branch="true" condition-coverage="50% (11/22)">
                  <conditions>
                    <condition number="0" type="jump" coverage="50%"/>
                  </conditions>
                </line>
                <line number="327" hits="17" branch="false"/>
                <line number="329" hits="37" branch="true" condition-coverage="57% (8/14)">
                  <conditions>
                    <condition number="0" type="jump" coverage="57%"/>
                  </conditions>
                </line>
                <line number="330" hits="21" branch="true" condition-coverage="50% (1/2)">
                  <conditions>
                    <condition number="0" type="jump" coverage="50%"/>
                  </conditions>
                </line>
                <line number="331" hits="21" branch="true" condition-coverage="50% (1/2)">
                  <conditions>
                    <condition number="0" type="jump" coverage="50%"/>
                  </conditions>
                </line>
                <line number="332" hits="21" branch="false"/>
                <line number="333" hits="21" branch="true" condition-coverage="75% (3/4)">
                  <conditions>
                    <condition number="0" type="jump" coverage="75%"/>
                  </conditions>
                </line>
                <line number="334" hits="11" branch="true" condition-coverage="50% (1/2)">
                  <conditions>
                    <condition number="0" type="jump" coverage="50%"/>
                  </conditions>
                </line>
                <line number="336" hits="21" branch="false"/>
                <line number="337" hits="21" branch="true" condition-coverage="75% (3/4)">
                  <conditions>
                    <condition number="0" type="jump" coverage="75%"/>
                  </conditions>
                </line>
                <line number="338" hits="17" branch="true" condition-coverage="50% (1/2)">
                  <conditions>
                    <condition number="0" type="jump" coverage="50%"/>
                  </conditions>
                </line>
                <line number="340" hits="21" branch="false"/>
                <line number="341" hits="21" branch="true" condition-coverage="75% (3/4)">
                  <conditions>
                    <condition number="0" type="jump" coverage="75%"/>
                  </conditions>
                </line>
                <line number="342" hits="7" branch="true" condition-coverage="50% (1/2)">
                  <conditions>
                    <condition number="0" type="jump" coverage="50%"/>
                  </conditions>
                </line>
                <line number="344" hits="21" branch="false"/>
                <line number="345" hits="21" branch="true" condition-coverage="75% (3/4)">
                  <conditions>
                    <condition number="0" type="jump" coverage="75%"/>
                  </conditions>
                </line>
                <line number="346" hits="14" branch="true" condition-coverage="50% (1/2)">
                  <conditions>
                    <condition number="0" type="jump" coverage="50%"/>
                  </conditions>
                </line>
                <line number="348" hits="21" branch="false"/>
                <line number="349" hits="21" branch="true" condition-coverage="75% (3/4)">
                  <conditions>
                    <condition number="0" type="jump" coverage="75%"/>
                  </conditions>
                </line>
                <line number="350" hits="13" branch="true" condition-coverage="50% (1/2)">
                  <conditions>
                    <condition number="0" type="jump" coverage="50%"/>
                  </conditions>
                </line>
                <line number="352" hits="37" branch="false"/>
                <line number="353" hits="16" branch="true" condition-coverage="100% (2/2)">
                  <conditions>
                    <condition number="0" type="jump" coverage="100%"/>
                  </conditions>
                </line>
                <line number="355" hits="15" branch="true" condition-coverage="50% (1/2)">
                  <conditions>
                    <condition number="0" type="jump" coverage="50%"/>
                  </conditions>
                </line>
                <line number="356" hits="15" branch="true" condition-coverage="50% (1/2)">
                  <conditions>
                    <condition number="0" type="jump" coverage="50%"/>
                  </conditions>
                </line>
                <line number="358" hits="15" branch="true" condition-coverage="50% (1/2)">
                  <conditions>
                    <condition number="0" type="jump" coverage="50%"/>
                  </conditions>
                </line>
              </lines>
            </method>
            <method name="(anonymous namespace)::boxstacks_solve(pybind11::dict const&amp;, pybind11::dict const&amp;)::{lambda()#1}::operator()" signature="() const" line-rate="0.9787234042553191" branch-rate="0.5267857142857143" complexity="0.0">
              <lines>
                <line number="359" hits="0" branch="false"/>
                <line number="360" hits="15" branch="true" condition-coverage="50% (1/2)">
                  <conditions>
                    <condition number="0" type="jump" coverage="50%"/>
                  </conditions>
                </line>
                <line number="361" hits="30" branch="true" condition-coverage="50% (1/2)">
                  <conditions>
                    <condition number="0" type="jump" coverage="50%"/>
                  </conditions>
                </line>
                <line number="362" hits="30" branch="true" condition-coverage="50% (1/2)">
                  <conditions>
                    <condition number="0" type="jump" coverage="50%"/>
                  </conditions>
                </line>
                <line number="364" hits="15" branch="false"/>
                <line number="365" hits="15" branch="true" condition-coverage="50% (1/2)">
                  <conditions>
                    <condition number="0" type="jump" coverage="50%"/>
                  </conditions>
                </line>
                <line number="366" hits="28" branch="true" condition-coverage="100% (2/2)">
                  <conditions>
                    <condition number="0" type="jump" coverage="100%"/>
                  </conditions>
                </line>
                <line number="367" hits="13" branch="false"/>
                <line number="368" hits="13" branch="true" condition-coverage="50% (1/2)">
                  <conditions>
                    <condition number="0" type="jump" coverage="50%"/>
                  </conditions>
                </line>
                <line number="369" hits="13" branch="true" condition-coverage="50% (1/2)">
                  <conditions>
                    <condition number="0" type="jump" coverage="50%"/>
                  </conditions>
                </line>
                <line number="370" hits="13" branch="true" condition-coverage="50% (1/2)">
                  <conditions>
                    <condition number="0" type="jump" coverage="50%"/>
                  </conditions>
                </line>
                <line number="371" hits="13" branch="false"/>
                <line number="372" hits="50" branch="true" condition-coverage="100% (2/2)">
                  <conditions>
                    <condition number="0" type="jump" coverage="100%"/>
                  </conditions>
                </line>
                <line number="373" hits="37" branch="true" condition-coverage="50% (1/2)">
                  <conditions>
                    <condition number="0" type="jump" coverage="50%"/>
                  </conditions>
                </line>
                <line number="374" hits="37" branch="true" condition-coverage="50% (2/4)">
                  <conditions>
                    <condition number="0" type="jump" coverage="50%"/>
                  </conditions>
                </line>
                <line number="375" hits="37" branch="true" condition-coverage="50% (2/4)">
                  <conditions>
                    <condition number="0" type="jump" coverage="50%"/>
                  </conditions>
                </line>
                <line number="376" hits="37" branch="true" condition-coverage="50% (2/4)">
                  <conditions>
                    <condition number="0" type="jump" coverage="50%"/>
                  </conditions>
                </line>
                <line number="377" hits="37" branch="true" condition-coverage="50% (2/4)">
                  <conditions>
                    <condition number="0" type="jump" coverage="50%"/>
                  </conditions>
                </line>
                <line number="378" hits="37" branch="true" condition-coverage="50% (2/4)">
                  <conditions>
                    <condition number="0" type="jump" coverage="50%"/>
                  </conditions>
                </line>
                <line number="379" hits="37" branch="true" condition-coverage="50% (2/4)">
                  <conditions>
                    <condition number="0" type="jump" coverage="50%"/>
                  </conditions>
                </line>
                <line number="380" hits="37" branch="true" condition-coverage="50% (1/2)">
                  <conditions>
                    <condition number="0" type="jump" coverage="50%"/>
                  </conditions>
                </line>
                <line number="381" hits="104" branch="true" condition-coverage="100% (2/2)">
                  <conditions>
                    <condition number="0" type="jump" coverage="100%"/>
                  </conditions>
                </line>
                <line number="382" hits="67" branch="false"/>
                <line number="383" hits="67" branch="true" condition-coverage="50% (1/2)">
                  <conditions>
                    <condition number="0" type="jump" coverage="50%"/>
                  </conditions>
                </line>
                <line number="384" hits="67" branch="true" condition-coverage="50% (1/2)">
                  <conditions>
                    <condition number="0" type="jump" coverage="50%"/>
                  </conditions>
                </line>
                <line number="385" hits="67" branch="true" condition-coverage="50% (2/4)">
                  <conditions>
                    <condition number="0" type="jump" coverage="50%"/>
                  </conditions>
                </line>
                <line number="386" hits="67" branch="true" condition-coverage="50% (2/4)">
                  <conditions>
                    <condition number="0" type="jump" coverage="50%"/>
                  </conditions>
                </line>
                <line number="387" hits="67" branch="true" condition-coverage="50% (2/4)">
                  <conditions>
                    <condition number="0" type="jump" coverage="50%"/>
                  </conditions>
                </line>
                <line number="388" hits="67" branch="true" condition-coverage="50% (2/4)">
                  <conditions>
                    <condition number="0" type="jump" coverage="50%"/>
                  </conditions>
                </line>
                <line number="389" hits="67" branch="true" condition-coverage="50% (2/4)">
                  <conditions>
                    <condition number="0" type="jump" coverage="50%"/>
                  </conditions>
                </line>
                <line number="390" hits="67" branch="true" condition-coverage="50% (2/4)">
                  <conditions>
                    <condition number="0" type="jump" coverage="50%"/>
                  </conditions>
                </line>
                <line number="391" hits="67" branch="true" condition-coverage="50% (2/4)">
                  <conditions>
                    <condition number="0" type="jump" coverage="50%"/>
                  </conditions>
                </line>
                <line number="392" hits="67" branch="true" condition-coverage="50% (3/6)">
                  <conditions>
                    <condition number="0" type="jump" coverage="50%"/>
                  </conditions>
                </line>
                <line number="393" hits="67" branch="true" condition-coverage="50% (2/4)">
                  <conditions>
                    <condition number="0" type="jump" coverage="50%"/>
                  </conditions>
                </line>
                <line number="394" hits="67" branch="true" condition-coverage="50% (2/4)">
                  <conditions>
                    <condition number="0" type="jump" coverage="50%"/>
                  </conditions>
                </line>
                <line number="395" hits="67" branch="true" condition-coverage="50% (1/2)">
                  <conditions>
                    <condition number="0" type="jump" coverage="50%"/>
                  </conditions>
                </line>
                <line number="396" hits="67" branch="false"/>
                <line number="397" hits="37" branch="false"/>
                <line number="398" hits="37" branch="false"/>
                <line number="399" hits="13" branch="true" condition-coverage="50% (2/4)">
                  <conditions>
                    <condition number="0" type="jump" coverage="50%"/>
                  </conditions>
                </line>
                <line number="400" hits="13" branch="true" condition-coverage="50% (2/4)">
                  <conditions>
                    <condition number="0" type="jump" coverage="50%"/>
                  </conditions>
                </line>
                <line number="401" hits="13" branch="true" condition-coverage="50% (1/2)">
                  <conditions>
                    <condition number="0" type="jump" coverage="50%"/>
                  </conditions>
                </line>
                <line number="402" hits="13" branch="false"/>
                <line number="404" hits="15" branch="true" condition-coverage="50% (1/2)">
                  <conditions>
                    <condition number="0" type="jump" coverage="50%"/>
                  </conditions>
                </line>
                <line number="405" hits="15" branch="true" condition-coverage="50% (2/4)">
                  <conditions>
[...]
              <conditions>
                <condition number="0" type="jump" coverage="50%"/>
              </conditions>
            </line>
            <line number="296" hits="33" branch="true" condition-coverage="57% (8/14)">
              <conditions>
                <condition number="0" type="jump" coverage="57%"/>
              </conditions>
            </line>
            <line number="297" hits="17" branch="true" condition-coverage="50% (1/2)">
              <conditions>
                <condition number="0" type="jump" coverage="50%"/>
              </conditions>
            </line>
            <line number="298" hits="17" branch="true" condition-coverage="50% (1/2)">
              <conditions>
                <condition number="0" type="jump" coverage="50%"/>
              </conditions>
            </line>
            <line number="299" hits="17" branch="false"/>
            <line number="300" hits="17" branch="true" condition-coverage="75% (3/4)">
              <conditions>
                <condition number="0" type="jump" coverage="75%"/>
              </conditions>
            </line>
            <line number="301" hits="7" branch="true" condition-coverage="50% (1/2)">
              <conditions>
                <condition number="0" type="jump" coverage="50%"/>
              </conditions>
            </line>
            <line number="303" hits="17" branch="true" condition-coverage="62% (10/16)">
              <conditions>
                <condition number="0" type="jump" coverage="62%"/>
              </conditions>
            </line>
            <line number="304" hits="4" branch="true" condition-coverage="50% (2/4)">
              <conditions>
                <condition number="0" type="jump" coverage="50%"/>
              </conditions>
            </line>
            <line number="305" hits="4" branch="false"/>
            <line number="306" hits="4" branch="false"/>
            <line number="307" hits="4" branch="true" condition-coverage="50% (1/2)">
              <conditions>
                <condition number="0" type="jump" coverage="50%"/>
              </conditions>
            </line>
            <line number="308" hits="4" branch="true" condition-coverage="50% (1/2)">
              <conditions>
                <condition number="0" type="jump" coverage="50%"/>
              </conditions>
            </line>
            <line number="309" hits="4" branch="true" condition-coverage="50% (1/2)">
              <conditions>
                <condition number="0" type="jump" coverage="50%"/>
              </conditions>
            </line>
            <line number="310" hits="4" branch="true" condition-coverage="50% (1/2)">
              <conditions>
                <condition number="0" type="jump" coverage="50%"/>
              </conditions>
            </line>
            <line number="311" hits="4" branch="true" condition-coverage="50% (1/2)">
              <conditions>
                <condition number="0" type="jump" coverage="50%"/>
              </conditions>
            </line>
            <line number="312" hits="4" branch="true" condition-coverage="50% (1/2)">
              <conditions>
                <condition number="0" type="jump" coverage="50%"/>
              </conditions>
            </line>
            <line number="313" hits="4" branch="true" condition-coverage="50% (1/2)">
              <conditions>
                <condition number="0" type="jump" coverage="50%"/>
              </conditions>
            </line>
            <line number="314" hits="4" branch="true" condition-coverage="50% (1/2)">
              <conditions>
                <condition number="0" type="jump" coverage="50%"/>
              </conditions>
            </line>
            <line number="315" hits="4" branch="true" condition-coverage="50% (1/2)">
              <conditions>
                <condition number="0" type="jump" coverage="50%"/>
              </conditions>
            </line>
            <line number="316" hits="4" branch="true" condition-coverage="50% (1/2)">
              <conditions>
                <condition number="0" type="jump" coverage="50%"/>
              </conditions>
            </line>
            <line number="317" hits="4" branch="true" condition-coverage="50% (1/2)">
              <conditions>
                <condition number="0" type="jump" coverage="50%"/>
              </conditions>
            </line>
            <line number="318" hits="4" branch="false"/>
            <line number="319" hits="33" branch="false"/>
            <line number="320" hits="16" branch="true" condition-coverage="43% (7/16)">
              <conditions>
                <condition number="0" type="jump" coverage="43%"/>
              </conditions>
            </line>
            <line number="321" hits="17" branch="true" condition-coverage="57% (8/14)">
              <conditions>
                <condition number="0" type="jump" coverage="57%"/>
              </conditions>
            </line>
            <line number="322" hits="1" branch="true" condition-coverage="50% (1/2)">
              <conditions>
                <condition number="0" type="jump" coverage="50%"/>
              </conditions>
            </line>
            <line number="323" hits="1" branch="true" condition-coverage="50% (11/22)">
              <conditions>
                <condition number="0" type="jump" coverage="50%"/>
              </conditions>
            </line>
            <line number="327" hits="17" branch="false"/>
            <line number="329" hits="37" branch="true" condition-coverage="57% (8/14)">
              <conditions>
                <condition number="0" type="jump" coverage="57%"/>
              </conditions>
            </line>
            <line number="330" hits="21" branch="true" condition-coverage="50% (1/2)">
              <conditions>
                <condition number="0" type="jump" coverage="50%"/>
              </conditions>
            </line>
            <line number="331" hits="21" branch="true" condition-coverage="50% (1/2)">
              <conditions>
                <condition number="0" type="jump" coverage="50%"/>
              </conditions>
            </line>
            <line number="332" hits="21" branch="false"/>
            <line number="333" hits="21" branch="true" condition-coverage="75% (3/4)">
              <conditions>
                <condition number="0" type="jump" coverage="75%"/>
              </conditions>
            </line>
            <line number="334" hits="11" branch="true" condition-coverage="50% (1/2)">
              <conditions>
                <condition number="0" type="jump" coverage="50%"/>
              </conditions>
            </line>
            <line number="336" hits="21" branch="false"/>
            <line number="337" hits="21" branch="true" condition-coverage="75% (3/4)">
              <conditions>
                <condition number="0" type="jump" coverage="75%"/>
              </conditions>
            </line>
            <line number="338" hits="17" branch="true" condition-coverage="50% (1/2)">
              <conditions>
                <condition number="0" type="jump" coverage="50%"/>
              </conditions>
            </line>
            <line number="340" hits="21" branch="false"/>
            <line number="341" hits="21" branch="true" condition-coverage="75% (3/4)">
              <conditions>
                <condition number="0" type="jump" coverage="75%"/>
              </conditions>
            </line>
            <line number="342" hits="7" branch="true" condition-coverage="50% (1/2)">
              <conditions>
                <condition number="0" type="jump" coverage="50%"/>
              </conditions>
            </line>
            <line number="344" hits="21" branch="false"/>
            <line number="345" hits="21" branch="true" condition-coverage="75% (3/4)">
              <conditions>
                <condition number="0" type="jump" coverage="75%"/>
              </conditions>
            </line>
            <line number="346" hits="14" branch="true" condition-coverage="50% (1/2)">
              <conditions>
                <condition number="0" type="jump" coverage="50%"/>
              </conditions>
            </line>
            <line number="348" hits="21" branch="false"/>
            <line number="349" hits="21" branch="true" condition-coverage="75% (3/4)">
              <conditions>
                <condition number="0" type="jump" coverage="75%"/>
              </conditions>
            </line>
            <line number="350" hits="13" branch="true" condition-coverage="50% (1/2)">
              <conditions>
                <condition number="0" type="jump" coverage="50%"/>
              </conditions>
            </line>
            <line number="352" hits="37" branch="false"/>
            <line number="353" hits="16" branch="true" condition-coverage="100% (2/2)">
              <conditions>
                <condition number="0" type="jump" coverage="100%"/>
              </conditions>
            </line>
            <line number="355" hits="15" branch="true" condition-coverage="50% (1/2)">
              <conditions>
                <condition number="0" type="jump" coverage="50%"/>
              </conditions>
            </line>
            <line number="356" hits="15" branch="true" condition-coverage="50% (1/2)">
              <conditions>
                <condition number="0" type="jump" coverage="50%"/>
              </conditions>
            </line>
            <line number="358" hits="15" branch="true" condition-coverage="50% (1/2)">
              <conditions>
                <condition number="0" type="jump" coverage="50%"/>
              </conditions>
            </line>
            <line number="359" hits="0" branch="false"/>
            <line number="360" hits="15" branch="true" condition-coverage="50% (1/2)">
              <conditions>
                <condition number="0" type="jump" coverage="50%"/>
              </conditions>
            </line>
            <line number="361" hits="30" branch="true" condition-coverage="50% (1/2)">
              <conditions>
                <condition number="0" type="jump" coverage="50%"/>
              </conditions>
            </line>
            <line number="362" hits="30" branch="true" condition-coverage="50% (1/2)">
              <conditions>
                <condition number="0" type="jump" coverage="50%"/>
              </conditions>
            </line>
            <line number="364" hits="15" branch="false"/>
            <line number="365" hits="15" branch="true" condition-coverage="50% (1/2)">
              <conditions>
                <condition number="0" type="jump" coverage="50%"/>
              </conditions>
            </line>
            <line number="366" hits="28" branch="true" condition-coverage="100% (2/2)">
              <conditions>
                <condition number="0" type="jump" coverage="100%"/>
              </conditions>
            </line>
            <line number="367" hits="13" branch="false"/>
            <line number="368" hits="13" branch="true" condition-coverage="50% (1/2)">
              <conditions>
                <condition number="0" type="jump" coverage="50%"/>
              </conditions>
            </line>
            <line number="369" hits="13" branch="true" condition-coverage="50% (1/2)">
              <conditions>
                <condition number="0" type="jump" coverage="50%"/>
              </conditions>
            </line>
            <line number="370" hits="13" branch="true" condition-coverage="50% (1/2)">
              <conditions>
                <condition number="0" type="jump" coverage="50%"/>
              </conditions>
            </line>
            <line number="371" hits="13" branch="false"/>
            <line number="372" hits="50" branch="true" condition-coverage="100% (2/2)">
              <conditions>
                <condition number="0" type="jump" coverage="100%"/>
              </conditions>
            </line>
            <line number="373" hits="37" branch="true" condition-coverage="50% (1/2)">
              <conditions>
                <condition number="0" type="jump" coverage="50%"/>
              </conditions>
            </line>
            <line number="374" hits="37" branch="true" condition-coverage="50% (2/4)">
              <conditions>
                <condition number="0" type="jump" coverage="50%"/>
              </conditions>
            </line>
            <line number="375" hits="37" branch="true" condition-coverage="50% (2/4)">
              <conditions>
                <condition number="0" type="jump" coverage="50%"/>
              </conditions>
            </line>
            <line number="376" hits="37" branch="true" condition-coverage="50% (2/4)">
              <conditions>
                <condition number="0" type="jump" coverage="50%"/>
              </conditions>
            </line>
            <line number="377" hits="37" branch="true" condition-coverage="50% (2/4)">
              <conditions>
                <condition number="0" type="jump" coverage="50%"/>
              </conditions>
            </line>
            <line number="378" hits="37" branch="true" condition-coverage="50% (2/4)">
              <conditions>
                <condition number="0" type="jump" coverage="50%"/>
              </conditions>
            </line>
            <line number="379" hits="37" branch="true" condition-coverage="50% (2/4)">
              <conditions>
                <condition number="0" type="jump" coverage="50%"/>
              </conditions>
            </line>
            <line number="380" hits="37" branch="true" condition-coverage="50% (1/2)">
              <conditions>
                <condition number="0" type="jump" coverage="50%"/>
              </conditions>
            </line>
            <line number="381" hits="104" branch="true" condition-coverage="100% (2/2)">
              <conditions>
                <condition number="0" type="jump" coverage="100%"/>
              </conditions>
            </line>
            <line number="382" hits="67" branch="false"/>
            <line number="383" hits="67" branch="true" condition-coverage="50% (1/2)">
              <conditions>
                <condition number="0" type="jump" coverage="50%"/>
              </conditions>
            </line>
            <line number="384" hits="67" branch="true" condition-coverage="50% (1/2)">
              <conditions>
                <condition number="0" type="jump" coverage="50%"/>
              </conditions>
            </line>
            <line number="385" hits="67" branch="true" condition-coverage="50% (2/4)">
              <conditions>
                <condition number="0" type="jump" coverage="50%"/>
              </conditions>
            </line>
            <line number="386" hits="67" branch="true" condition-coverage="50% (2/4)">
              <conditions>
                <condition number="0" type="jump" coverage="50%"/>
              </conditions>
            </line>
            <line number="387" hits="67" branch="true" condition-coverage="50% (2/4)">
              <conditions>
                <condition number="0" type="jump" coverage="50%"/>
              </conditions>
            </line>
            <line number="388" hits="67" branch="true" condition-coverage="50% (2/4)">
              <conditions>
                <condition number="0" type="jump" coverage="50%"/>
              </conditions>
            </line>
            <line number="389" hits="67" branch="true" condition-coverage="50% (2/4)">
              <conditions>
                <condition number="0" type="jump" coverage="50%"/>
              </conditions>
            </line>
            <line number="390" hits="67" branch="true" condition-coverage="50% (2/4)">
              <conditions>
                <condition number="0" type="jump" coverage="50%"/>
              </conditions>
            </line>
            <line number="391" hits="67" branch="true" condition-coverage="50% (2/4)">
              <conditions>
                <condition number="0" type="jump" coverage="50%"/>
              </conditions>
            </line>
            <line number="392" hits="67" branch="true" condition-coverage="50% (3/6)">
              <conditions>
                <condition number="0" type="jump" coverage="50%"/>
              </conditions>
            </line>
            <line number="393" hits="67" branch="true" condition-coverage="50% (2/4)">
              <conditions>
                <condition number="0" type="jump" coverage="50%"/>
              </conditions>
            </line>
            <line number="394" hits="67" branch="true" condition-coverage="50% (2/4)">
              <conditions>
                <condition number="0" type="jump" coverage="50%"/>
              </conditions>
            </line>
            <line number="395" hits="67" branch="true" condition-coverage="50% (1/2)">
              <conditions>
                <condition number="0" type="jump" coverage="50%"/>
              </conditions>
            </line>
            <line number="396" hits="67" branch="false"/>
            <line number="397" hits="37" branch="false"/>
            <line number="398" hits="37" branch="false"/>
            <line number="399" hits="13" branch="true" condition-coverage="50% (2/4)">
              <conditions>
                <condition number="0" type="jump" coverage="50%"/>
              </conditions>
            </line>
            <line number="400" hits="13" branch="true" condition-coverage="50% (2/4)">
              <conditions>
                <condition number="0" type="jump" coverage="50%"/>
              </conditions>
            </line>
            <line number="401" hits="13" branch="true" condition-coverage="50% (1/2)">
              <conditions>
                <condition number="0" type="jump" coverage="50%"/>
              </conditions>
            </line>
            <line number="402" hits="13" branch="false"/>
            <line number="404" hits="15" branch="true" condition-coverage="50% (1/2)">
              <conditions>
                <condition number="0" type="jump" coverage="50%"/>
              </conditions>
            </line>
            <line number="405" hits="15" branch="true" condition-coverage="50% (2/4)">
              <conditions>
                <condition number="0" type="jump" coverage="50%"/>
              </conditions>
            </line>
            <line number="406" hits="30" branch="false"/>
            <line number="407" hits="17" branch="false"/>
            <line number="411" hits="1" branch="true" condition-coverage="28% (6/21)">
              <conditions>
                <condition number="0" type="jump" coverage="28%"/>
              </conditions>
            </line>
            <line number="411" hits="1" branch="true" condition-coverage="34% (8/23)">
              <conditions>
                <condition number="0" type="jump" coverage="34%"/>
              </conditions>
            </line>
            <line number="411" hits="1" branch="false"/>
            <line number="413" hits="1" branch="true" condition-coverage="50% (2/4)">
              <conditions>
                <condition number="0" type="jump" coverage="50%"/>
              </conditions>
            </line>
            <line number="414" hits="1" branch="true" condition-coverage="50% (1/2)">
              <conditions>
                <condition number="0" type="jump" coverage="50%"/>
              </conditions>
            </line>
            <line number="416" hits="1" branch="true" condition-coverage="50% (1/2)">
              <conditions>
                <condition number="0" type="jump" coverage="50%"/>
              </conditions>
            </line>
            <line number="418" hits="1" branch="false"/>
          </lines>
        </class>
      </classes>
    </package>
  </packages>
</coverage>
